2020-05-13 08:25:49,501 - com.busyqa.test.TestCases.TC01_LoginTest -INFO - Email id for the TC 1 is: admin
2020-05-13 08:25:49,501 [main] INFO com.busyqa.test.TestCases.TC01_LoginTest - Email id for the TC 1 is: admin
2020-05-13 08:25:49,508 - com.busyqa.test.TestCases.TC01_LoginTest -INFO - Password for the TC 1 is: admin

2020-05-14 19:45:05,668 - com.busyqa.test.TestCases.TC03_LoginTest -INFO - Password for the TC 3 is: admin123
se.TestBase -INFO - Navigating to:https://opensource-demo.orangehrmlive.com/
2020-05-15 07:28:11,842 [TestNG-tests-1] INFO com.busyqa.test.TestBase.TestBase - Navigating to:https://opensource-demo.orangehrmlive.com/
2020-05-15 07:28:21,872 - com.busyqa.test.TestBase.TestBase -INFO - Navigating to:https://opensource-demo.orangehrmlive.com/
2020-05-15 07:28:21,872 [TestNG-tests-1] INFO com.busyqa.test.TestBase.TestBase - Navigating to:https://opensource-demo.orangehrmlive.com/
2020-05-15 07:28:27,895 - com.busyqa.test.TestCases.TC01_LoginTest -INFO - Email id for the TC 1 is: admin
2020-05-15 07:28:27,895 [TestNG-tests-1] INFO com.busyqa.test.TestCases.TC01_LoginTest - Email id for the TC 1 is: admin
2020-05-15 07:28:28,046 - com.busyqa.test.TestCases.TC01_LoginTest -INFO - Password for the TC 1 is: admin
2020-05-15 07:28:28,046 [TestNG-tests-1] INFO com.busyqa.test.TestCases.TC01_LoginTest - Password for the TC 1 is: admin
2020-05-15 07:28:55,846 - com.busyqa.test.pageClasses.LoginPage -INFO - Time take in seconds Without cache 25
2020-05-15 07:28:55,846 [TestNG-tests-1] INFO com.busyqa.test.pageClasses.LoginPage - Time take in seconds Without cache 25
2020-05-15 07:29:07,895 - com.busyqa.test.pageClasses.LoginPage -INFO - Time take in seconds With cache 12
2020-05-15 07:29:07,895 [TestNG-tests-1] INFO com.busyqa.test.pageClasses.LoginPage - Time take in seconds With cache 12
2020-05-15 07:29:08,822 - com.busyqa.test.TestCases.TC02_LoginTest -INFO - Email id for the TC 2 is: admin123
2020-05-15 07:29:08,822 [TestNG-tests-1] INFO com.busyqa.test.TestCases.TC02_LoginTest - Email id for the TC 2 is: admin123
2020-05-15 07:29:08,831 - com.busyqa.test.TestCases.TC02_LoginTest -INFO - Password for the TC 2 is: admin
2020-05-15 07:29:08,831 [TestNG-tests-1] INFO com.busyqa.test.TestCases.TC02_LoginTest - Password for the TC 2 is: admin
2020-05-15 07:29:34,593 - com.busyqa.test.pageClasses.LoginPage -INFO - Time take in seconds Without cache 24
2020-05-15 07:29:34,593 [TestNG-tests-1] INFO com.busyqa.test.pageClasses.LoginPage - Time take in seconds Without cache 24
2020-05-15 07:29:45,987 - com.busyqa.test.pageClasses.LoginPage -INFO - Time take in seconds With cache 11
2020-05-15 07:29:45,987 [TestNG-tests-1] INFO com.busyqa.test.pageClasses.LoginPage - Time take in seconds With cache 11
2020-05-15 07:29:46,806 - com.busyqa.test.TestCases.TC03_LoginTest -INFO - Email id for the TC 3 is: admin12
2020-05-15 07:29:46,806 [TestNG-tests-1] INFO com.busyqa.test.TestCases.TC03_LoginTest - Email id for the TC 3 is: admin12
2020-05-15 07:29:46,815 - com.busyqa.test.TestCases.TC03_LoginTest -INFO - Password for the TC 3 is: admin123
2020-05-15 07:29:46,815 [TestNG-tests-1] INFO com.busyqa.test.TestCases.TC03_LoginTest - Password for the TC 3 is: admin123
2020-05-15 07:29:50,231 - com.busyqa.test.TestCases.TC04_LoginTest -INFO - Email id for the TC 4 is: Admin
2020-05-15 07:29:50,231 [TestNG-tests-1] INFO com.busyqa.test.TestCases.TC04_LoginTest - Email id for the TC 4 is: Admin
2020-05-15 07:29:50,235 - com.busyqa.test.TestCases.TC04_LoginTest -INFO - Password for the TC 4 is: admin123
2020-05-15 07:29:50,235 [TestNG-tests-1] INFO com.busyqa.test.TestCases.TC04_LoginTest - Password for the TC 4 is: admin123
2020-07-18 11:20:24,496 - com.busyqa.test.TestBase.TestBase -INFO - Navigating to:https://opensource-demo.orangehrmlive.com/
2020-07-18 11:20:24,496 [TestNG-tests-1] INFO com.busyqa.test.TestBase.TestBase - Navigating to:https://opensource-demo.orangehrmlive.com/
2020-07-18 11:20:34,787 - com.busyqa.test.TestBase.TestBase -INFO - Navigating to:https://opensource-demo.orangehrmlive.com/
2020-07-18 11:20:34,787 [TestNG-tests-1] INFO com.busyqa.test.TestBase.TestBase - Navigating to:https://opensource-demo.orangehrmlive.com/
2020-07-18 11:20:45,052 - com.busyqa.test.TestBase.TestBase -INFO - Navigating to:https://opensource-demo.orangehrmlive.com/
2020-07-18 11:20:45,052 [TestNG-tests-1] INFO com.busyqa.test.TestBase.TestBase - Navigating to:https://opensource-demo.orangehrmlive.com/
2020-07-18 11:20:56,134 - com.busyqa.test.TestCases.TC01_LoginTest -INFO - Email id for the TC 1 is: admin
2020-07-18 11:20:56,134 [TestNG-tests-1] INFO com.busyqa.test.TestCases.TC01_LoginTest - Email id for the TC 1 is: admin
2020-07-18 11:20:56,139 - com.busyqa.test.TestCases.TC01_LoginTest -INFO - Password for the TC 1 is: admin
2020-07-18 11:20:56,139 [TestNG-tests-1] INFO com.busyqa.test.TestCases.TC01_LoginTest - Password for the TC 1 is: admin
2020-07-18 11:21:27,779 - com.busyqa.test.pageClasses.LoginPage -INFO - Time take in seconds Without cache 29
2020-07-18 11:21:27,779 [TestNG-tests-1] INFO com.busyqa.test.pageClasses.LoginPage - Time take in seconds Without cache 29
2020-07-18 11:21:42,312 - com.busyqa.test.pageClasses.LoginPage -INFO - Time take in seconds With cache 14
2020-07-18 11:21:42,312 [TestNG-tests-1] INFO com.busyqa.test.pageClasses.LoginPage - Time take in seconds With cache 14
2020-07-18 11:21:43,456 - com.busyqa.test.TestCases.TC02_LoginTest -INFO - Email id for the TC 2 is: admin123
2020-07-18 11:21:43,456 [TestNG-tests-1] INFO com.busyqa.test.TestCases.TC02_LoginTest - Email id for the TC 2 is: admin123
2020-07-18 11:21:43,457 - com.busyqa.test.TestCases.TC02_LoginTest -INFO - Password for the TC 2 is: admin
2020-07-18 11:21:43,457 [TestNG-tests-1] INFO com.busyqa.test.TestCases.TC02_LoginTest - Password for the TC 2 is: admin
2020-07-18 11:22:11,852 - com.busyqa.test.pageClasses.LoginPage -INFO - Time take in seconds Without cache 25
2020-07-18 11:22:11,852 [TestNG-tests-1] INFO com.busyqa.test.pageClasses.LoginPage - Time take in seconds Without cache 25
2020-07-18 11:22:26,338 - com.busyqa.test.pageClasses.LoginPage -INFO - Time take in seconds With cache 14
2020-07-18 11:22:26,338 [TestNG-tests-1] INFO com.busyqa.test.pageClasses.LoginPage - Time take in seconds With cache 14
2020-07-18 11:22:27,158 - com.busyqa.test.TestCases.TC03_LoginTest -INFO - Email id for the TC 3 is: admin12
2020-07-18 11:22:27,158 [TestNG-tests-1] INFO com.busyqa.test.TestCases.TC03_LoginTest - Email id for the TC 3 is: admin12
2020-07-18 11:22:27,159 - com.busyqa.test.TestCases.TC03_LoginTest -INFO - Password for the TC 3 is: admin123
2020-07-18 11:22:27,159 [TestNG-tests-1] INFO com.busyqa.test.TestCases.TC03_LoginTest - Password for the TC 3 is: admin123
2020-07-18 11:22:30,382 - com.busyqa.test.TestCases.TC04_LoginTest -INFO - Email id for the TC 4 is: Admin
2020-07-18 11:22:30,382 [TestNG-tests-1] INFO com.busyqa.test.TestCases.TC04_LoginTest - Email id for the TC 4 is: Admin
2020-07-18 11:22:30,384 - com.busyqa.test.TestCases.TC04_LoginTest -INFO - Password for the TC 4 is: admin123
2020-07-18 11:22:30,384 [TestNG-tests-1] INFO com.busyqa.test.TestCases.TC04_LoginTest - Password for the TC 4 is: admin123
2020-07-18 12:17:07,417 - com.busyqa.test.screenShot.CaptureScreenshot -INFO - 1
2020-07-18 12:17:07,417 [main] INFO com.busyqa.test.screenShot.CaptureScreenshot - 1
2020-07-18 12:17:07,424 - com.busyqa.test.screenShot.CaptureScreenshot -INFO - 2
2020-07-18 12:17:07,424 [main] INFO com.busyqa.test.screenShot.CaptureScreenshot - 2
2020-07-18 12:17:07,428 - com.busyqa.test.screenShot.CaptureScreenshot -INFO - 10
2020-07-18 12:17:07,428 [main] INFO com.busyqa.test.screenShot.CaptureScreenshot - 10
2020-07-18 12:17:07,429 - com.busyqa.test.screenShot.CaptureScreenshot -INFO - 11
2020-07-18 12:17:07,429 [main] INFO com.busyqa.test.screenShot.CaptureScreenshot - 11
